
2018-09-12 20:10:28 zwb 登录成功
2018-09-12 20:11:00 derienzhang 注册成功
2018-09-12 20:11:13 derienzhang 登录成功
2018-09-12 20:21:18 derienzhang 执行了函数 article
2018-09-12 20:21:42 derienzhang 执行了函数 diary
2018-09-12 20:22:16 zwb 执行了函数 comment
2018-09-12 20:22:33 zwb 执行了函数 collect
2018-09-12 20:30:20 jolin 执行了函数: register
2018-09-12 20:31:14 derienzhang 执行了函数: register
2018-09-12 20:31:29 derienzhang 执行了函数: article
2018-09-12 20:31:33 derienzhang 执行了函数: diary
2018-09-12 22:09:38 zwb 执行了函数: register
2018-09-12 22:10:01 abc 执行了函数: register
2018-09-12 22:10:31 abcd 执行了函数: register
2018-09-12 22:13:26 derienzhang 执行了函数: article
2018-09-12 22:11:59 derienzhang 执行了函数: register
2018-09-12 22:14:27 abc 执行了函数: article
2018-09-12 22:14:16 abc 执行了函数: register
2018-09-12 22:18:33 derienzhang 执行了函数: login_action
2018-09-12 22:18:39 derienzhang 执行了函数: article
2018-09-12 22:18:52 derienzhang 执行了函数: article
2018-09-12 22:18:55 derienzhang 执行了函数: diary
2018-09-12 22:18:56 derienzhang 执行了函数: comment
2018-09-12 22:18:56 derienzhang 执行了函数: collect
2018-09-12 22:19:37 derienzhang 执行了函数: login_action
2018-09-12 22:19:40 derienzhang 执行了函数: article
2018-09-12 22:26:49 derienzhang 执行了函数: article
2018-09-12 22:27:02 derienzhang 执行了函数: diary
2018-09-12 22:27:04 derienzhang 执行了函数: comment
2018-09-12 22:27:05 derienzhang 执行了函数: collect
2018-09-12 22:27:07 derienzhang 执行了函数: logout
2018-09-12 22:28:05 derienzhang 执行了函数: article
2018-09-12 22:28:07 derienzhang 执行了函数: diary
2018-09-12 22:28:15 abcd 执行了函数: register
2018-09-12 22:28:22 abcd 执行了函数: article
2018-09-12 22:28:29 abcd 执行了函数: diary
2018-09-12 22:39:45 abc 执行了函数: login_action
2018-09-12 22:39:49 abc 执行了函数: article
2018-09-12 22:39:50 abc 执行了函数: diary
2018-09-12 22:39:56 abc 执行了函数: comment
2018-09-12 22:39:57 abc 执行了函数: collect
2018-09-12 22:39:59 abc 执行了函数: logout
2018-09-12 22:40:08 derienzhang 执行了函数: article
2018-09-12 22:40:13 zwb1 执行了函数: register
2018-09-12 22:40:20 zwb1 执行了函数: article
2018-09-12 22:40:24 zwb1 执行了函数: exit
2018-09-12 22:44:20 guest 执行了函数: exit
2018-09-12 22:44:36 zwb 执行了函数: login_action
2018-09-12 22:44:37 zwb 执行了函数: article
2018-09-12 22:44:37 zwb 执行了函数: diary
2018-09-12 22:44:38 zwb 执行了函数: comment
2018-09-12 22:44:42 zwb 执行了函数: collect
2018-09-12 22:44:43 zwb 执行了函数: logout
2018-09-12 22:44:53 derienzhang 执行了函数: article
2018-09-12 22:44:57 derienzhang 执行了函数: collect
2018-09-12 22:45:02 derienzhang 执行了函数: exit
2018-09-12 22:45:13 zwb 执行了函数: login_action
2018-09-12 22:45:15 zwb 执行了函数: article